2024-05-15 10:38:13,579 ERROR: Exception on /register [POST] [in /Users/rubywilner/Desktop/cits3403/GroupProject/venv/lib/python3.9/site-packages/flask/app.py:838]
Traceback (most recent call last):
  File "/Users/rubywilner/Desktop/cits3403/GroupProject/venv/lib/python3.9/site-packages/flask/app.py", line 1473, in wsgi_app
    response = self.full_dispatch_request()
  File "/Users/rubywilner/Desktop/cits3403/GroupProject/venv/lib/python3.9/site-packages/flask/app.py", line 882, in full_dispatch_request
    rv = self.handle_user_exception(e)
  File "/Users/rubywilner/Desktop/cits3403/GroupProject/venv/lib/python3.9/site-packages/flask/app.py", line 880, in full_dispatch_request
    rv = self.dispatch_request()
  File "/Users/rubywilner/Desktop/cits3403/GroupProject/venv/lib/python3.9/site-packages/flask/app.py", line 865, in dispatch_request
    return self.ensure_sync(self.view_functions[rule.endpoint])(**view_args)  # type: ignore[no-any-return]
  File "/Users/rubywilner/Desktop/cits3403/GroupProject/app/routes.py", line 118, in register
    user.set_password(form.password.data)
  File "/Users/rubywilner/Desktop/cits3403/GroupProject/app/models.py", line 29, in set_password
    self.password_hash = generate_password_hash(password)
  File "/Users/rubywilner/Desktop/cits3403/GroupProject/venv/lib/python3.9/site-packages/werkzeug/security.py", line 101, in generate_password_hash
    h, actual_method = _hash_internal(method, salt, password)
  File "/Users/rubywilner/Desktop/cits3403/GroupProject/venv/lib/python3.9/site-packages/werkzeug/security.py", line 43, in _hash_internal
    hashlib.scrypt(password, salt=salt, n=n, r=r, p=p, maxmem=maxmem).hex(),
AttributeError: module 'hashlib' has no attribute 'scrypt'
2024-05-15 10:41:01,490 INFO: ValueCheck startup [in /Users/rubywilner/Desktop/cits3403/GroupProject/app/__init__.py:50]
2024-05-15 10:41:18,662 ERROR: Exception on /register [POST] [in /Users/rubywilner/Desktop/cits3403/GroupProject/venv/lib/python3.9/site-packages/flask/app.py:838]
Traceback (most recent call last):
  File "/Users/rubywilner/Desktop/cits3403/GroupProject/venv/lib/python3.9/site-packages/flask/app.py", line 1473, in wsgi_app
    response = self.full_dispatch_request()
  File "/Users/rubywilner/Desktop/cits3403/GroupProject/venv/lib/python3.9/site-packages/flask/app.py", line 882, in full_dispatch_request
    rv = self.handle_user_exception(e)
  File "/Users/rubywilner/Desktop/cits3403/GroupProject/venv/lib/python3.9/site-packages/flask/app.py", line 880, in full_dispatch_request
    rv = self.dispatch_request()
  File "/Users/rubywilner/Desktop/cits3403/GroupProject/venv/lib/python3.9/site-packages/flask/app.py", line 865, in dispatch_request
    return self.ensure_sync(self.view_functions[rule.endpoint])(**view_args)  # type: ignore[no-any-return]
  File "/Users/rubywilner/Desktop/cits3403/GroupProject/app/routes.py", line 118, in register
    user.set_password(form.password.data)
  File "/Users/rubywilner/Desktop/cits3403/GroupProject/app/models.py", line 29, in set_password
    self.password_hash = generate_password_hash(password)
  File "/Users/rubywilner/Desktop/cits3403/GroupProject/venv/lib/python3.9/site-packages/werkzeug/security.py", line 101, in generate_password_hash
    h, actual_method = _hash_internal(method, salt, password)
  File "/Users/rubywilner/Desktop/cits3403/GroupProject/venv/lib/python3.9/site-packages/werkzeug/security.py", line 43, in _hash_internal
    hashlib.scrypt(password, salt=salt, n=n, r=r, p=p, maxmem=maxmem).hex(),
AttributeError: module 'hashlib' has no attribute 'scrypt'
2024-05-15 10:51:23,832 INFO: ValueCheck startup [in /Users/rubywilner/Desktop/cits3403/GroupProject/app/__init__.py:50]
2024-05-15 10:51:37,433 ERROR: Exception on /register [POST] [in /Users/rubywilner/Desktop/cits3403/GroupProject/venv/lib/python3.9/site-packages/flask/app.py:838]
Traceback (most recent call last):
  File "/Users/rubywilner/Desktop/cits3403/GroupProject/venv/lib/python3.9/site-packages/flask/app.py", line 1473, in wsgi_app
    response = self.full_dispatch_request()
  File "/Users/rubywilner/Desktop/cits3403/GroupProject/venv/lib/python3.9/site-packages/flask/app.py", line 882, in full_dispatch_request
    rv = self.handle_user_exception(e)
  File "/Users/rubywilner/Desktop/cits3403/GroupProject/venv/lib/python3.9/site-packages/flask/app.py", line 880, in full_dispatch_request
    rv = self.dispatch_request()
  File "/Users/rubywilner/Desktop/cits3403/GroupProject/venv/lib/python3.9/site-packages/flask/app.py", line 865, in dispatch_request
    return self.ensure_sync(self.view_functions[rule.endpoint])(**view_args)  # type: ignore[no-any-return]
  File "/Users/rubywilner/Desktop/cits3403/GroupProject/app/routes.py", line 118, in register
    user.set_password(form.password.data)
  File "/Users/rubywilner/Desktop/cits3403/GroupProject/app/models.py", line 29, in set_password
    self.password_hash = generate_password_hash(password)
  File "/Users/rubywilner/Desktop/cits3403/GroupProject/venv/lib/python3.9/site-packages/werkzeug/security.py", line 101, in generate_password_hash
    h, actual_method = _hash_internal(method, salt, password)
  File "/Users/rubywilner/Desktop/cits3403/GroupProject/venv/lib/python3.9/site-packages/werkzeug/security.py", line 43, in _hash_internal
    hashlib.scrypt(password, salt=salt, n=n, r=r, p=p, maxmem=maxmem).hex(),
AttributeError: module 'hashlib' has no attribute 'scrypt'
2024-05-15 11:05:13,515 INFO: ValueCheck startup [in /Users/rubywilner/Desktop/cits3403/GroupProject/app/__init__.py:50]
2024-05-15 11:08:30,526 INFO: ValueCheck startup [in /Users/rubywilner/Desktop/cits3403/GroupProject/app/__init__.py:50]
2024-05-15 11:09:59,727 INFO: ValueCheck startup [in /Users/rubywilner/Desktop/cits3403/GroupProject/app/__init__.py:50]
2024-05-15 11:13:39,699 INFO: ValueCheck startup [in /Users/rubywilner/Desktop/cits3403/GroupProject/app/__init__.py:50]
2024-05-15 11:13:56,553 INFO: ValueCheck startup [in /Users/rubywilner/Desktop/cits3403/GroupProject/app/__init__.py:50]
2024-05-15 11:14:39,092 INFO: ValueCheck startup [in /Users/rubywilner/Desktop/cits3403/GroupProject/app/__init__.py:50]
2024-05-15 11:18:04,219 INFO: ValueCheck startup [in /Users/rubywilner/Desktop/cits3403/GroupProject/app/__init__.py:50]
2024-05-15 11:19:13,748 INFO: ValueCheck startup [in /Users/rubywilner/Desktop/cits3403/GroupProject/app/__init__.py:50]
2024-05-15 11:20:45,258 INFO: ValueCheck startup [in /Users/rubywilner/Desktop/cits3403/GroupProject/app/__init__.py:50]
2024-05-15 15:33:59,853 INFO: ValueCheck startup [in /Users/jessicaharcourt-cooke/Desktop/GroupProject/GroupProject/app/__init__.py:50]
2024-05-15 15:39:19,972 INFO: ValueCheck startup [in /Users/jessicaharcourt-cooke/Desktop/GroupProject/GroupProject/app/__init__.py:50]
2024-05-15 15:45:04,177 INFO: ValueCheck startup [in /Users/jessicaharcourt-cooke/Desktop/GroupProject/GroupProject/app/__init__.py:50]
<<<<<<< HEAD
2024-05-15 15:50:31,158 INFO: ValueCheck startup [in /Users/jessicaharcourt-cooke/Desktop/GroupProject/GroupProject/app/__init__.py:50]
2024-05-15 15:54:43,744 INFO: ValueCheck startup [in /Users/jessicaharcourt-cooke/Desktop/GroupProject/GroupProject/app/__init__.py:50]
2024-05-15 16:01:48,935 INFO: ValueCheck startup [in /Users/jessicaharcourt-cooke/Desktop/GroupProject/GroupProject/app/__init__.py:50]
2024-05-15 16:07:35,156 INFO: ValueCheck startup [in /Users/jessicaharcourt-cooke/Desktop/GroupProject/GroupProject/app/__init__.py:50]
2024-05-15 16:18:21,623 INFO: ValueCheck startup [in /Users/jessicaharcourt-cooke/Desktop/GroupProject/GroupProject/app/__init__.py:50]
2024-05-15 16:21:58,145 INFO: ValueCheck startup [in /Users/jessicaharcourt-cooke/Desktop/GroupProject/GroupProject/app/__init__.py:50]
2024-05-15 16:26:44,115 INFO: ValueCheck startup [in /Users/jessicaharcourt-cooke/Desktop/GroupProject/GroupProject/app/__init__.py:50]
2024-05-15 16:51:20,514 INFO: ValueCheck startup [in /Users/jessicaharcourt-cooke/Desktop/GroupProject/GroupProject/app/__init__.py:50]
2024-05-15 16:53:11,576 INFO: ValueCheck startup [in /Users/jessicaharcourt-cooke/Desktop/GroupProject/GroupProject/app/__init__.py:50]
2024-05-15 16:53:45,070 INFO: ValueCheck startup [in /Users/jessicaharcourt-cooke/Desktop/GroupProject/GroupProject/app/__init__.py:50]
2024-05-15 16:54:15,800 INFO: ValueCheck startup [in /Users/jessicaharcourt-cooke/Desktop/GroupProject/GroupProject/app/__init__.py:50]
2024-05-15 19:33:47,316 INFO: ValueCheck startup [in /Users/jessicaharcourt-cooke/Desktop/GroupProject/GroupProject/app/__init__.py:50]
2024-05-15 19:35:50,806 INFO: ValueCheck startup [in /Users/jessicaharcourt-cooke/Desktop/GroupProject/GroupProject/app/__init__.py:50]
2024-05-15 19:38:45,201 INFO: ValueCheck startup [in /Users/jessicaharcourt-cooke/Desktop/GroupProject/GroupProject/app/__init__.py:50]
2024-05-15 19:46:04,002 INFO: ValueCheck startup [in /Users/jessicaharcourt-cooke/Desktop/GroupProject/GroupProject/app/__init__.py:50]
2024-05-15 19:48:52,484 INFO: ValueCheck startup [in /Users/jessicaharcourt-cooke/Desktop/GroupProject/GroupProject/app/__init__.py:50]
||||||| 8d26db77
=======
2024-05-15 18:15:39,551 INFO: ValueCheck startup [in /Users/rubywilner/Desktop/cits3403/GroupProject/app/__init__.py:50]
2024-05-15 19:03:25,442 INFO: ValueCheck startup [in /Users/rubywilner/Desktop/cits3403/GroupProject/app/__init__.py:50]
>>>>>>> 7f532c8acc62296d5ba9990687fb8c0035cd24d0
